<?xml version="1.0" encoding="UTF-8"?>
<testng-results skipped="0" failed="0" total="1" passed="1">
  <reporter-output>
  </reporter-output>
  <suite name="Default suite" duration-ms="89977" started-at="2016-08-04T18:39:49Z" finished-at="2016-08-04T18:41:19Z">
    <groups>
    </groups>
    <test name="Sprint1" duration-ms="89977" started-at="2016-08-04T18:39:49Z" finished-at="2016-08-04T18:41:19Z">
      <class name="com.dnl.test.sample.DenovoLabTest">
        <test-method status="PASS" signature="init()[pri:0, instance:com.dnl.test.sample.DenovoLabTest@102bbb1]" name="init" is-config="true" duration-ms="1874" started-at="2016-08-05T00:09:49Z" finished-at="2016-08-05T00:09:51Z">
          <reporter-output>
          </reporter-output>
        </test-method> <!-- init -->
        <test-method status="PASS" signature="testgui()[pri:0, instance:com.dnl.test.sample.DenovoLabTest@102bbb1]" name="testgui" duration-ms="87921" started-at="2016-08-05T00:09:51Z" finished-at="2016-08-05T00:11:19Z">
          <reporter-output>
          </reporter-output>
        </test-method> <!-- testgui -->
        <test-method status="PASS" signature="testEnd()[pri:0, instance:com.dnl.test.sample.DenovoLabTest@102bbb1]" name="testEnd" is-config="true" duration-ms="158" started-at="2016-08-05T00:11:19Z" finished-at="2016-08-05T00:11:19Z">
          <reporter-output>
          </reporter-output>
        </test-method> <!-- testEnd -->
      </class> <!-- com.dnl.test.sample.DenovoLabTest -->
    </test> <!-- Sprint1 -->
  </suite> <!-- Default suite -->
</testng-results>
